[0.015s] Invoking command in '/home/justin/ros2_ws/src/unmanned_systems_ros2_pkg/unmanned_systems_ros2_pkg/build/test_pkg': CMAKE_PREFIX_PATH=/opt/ros/foxy:${CMAKE_PREFIX_PATH} /usr/bin/cmake /home/justin/ros2_ws/src/unmanned_systems_ros2_pkg/unmanned_systems_ros2_pkg -DCMAKE_INSTALL_PREFIX=/home/justin/ros2_ws/src/unmanned_systems_ros2_pkg/unmanned_systems_ros2_pkg/install/test_pkg
[0.227s] -- The C compiler identification is GNU 9.4.0
[0.504s] -- The CXX compiler identification is GNU 9.4.0
[0.661s] -- Check for working C compiler: /usr/lib/ccache/cc
[0.810s] -- Check for working C compiler: /usr/lib/ccache/cc -- works
[0.811s] -- Detecting C compiler ABI info
[0.949s] -- Detecting C compiler ABI info - done
[0.958s] -- Detecting C compile features
[0.959s] -- Detecting C compile features - done
[0.962s] -- Check for working CXX compiler: /usr/lib/ccache/c++
[1.105s] -- Check for working CXX compiler: /usr/lib/ccache/c++ -- works
[1.105s] -- Detecting CXX compiler ABI info
[1.247s] -- Detecting CXX compiler ABI info - done
[1.255s] -- Detecting CXX compile features
[1.255s] -- Detecting CXX compile features - done
[1.257s] -- Found ament_cmake: 0.9.9 (/opt/ros/foxy/share/ament_cmake/cmake)
[1.275s] -- Found PythonInterp: /usr/bin/python3 (found suitable version "3.8.10", minimum required is "3") 
[1.275s] -- Using PYTHON_EXECUTABLE: /usr/bin/python3
[1.446s] -- Found rclcpp: 2.4.1 (/opt/ros/foxy/share/rclcpp/cmake)
[1.624s] -- Using all available rosidl_typesupport_c: rosidl_typesupport_fastrtps_c;rosidl_typesupport_introspection_c
[1.628s] -- Found rosidl_adapter: 1.2.1 (/opt/ros/foxy/share/rosidl_adapter/cmake)
[1.705s] Invoked command in '/home/justin/ros2_ws/src/unmanned_systems_ros2_pkg/unmanned_systems_ros2_pkg/build/test_pkg' returned '-2': CMAKE_PREFIX_PATH=/opt/ros/foxy:${CMAKE_PREFIX_PATH} /usr/bin/cmake /home/justin/ros2_ws/src/unmanned_systems_ros2_pkg/unmanned_systems_ros2_pkg -DCMAKE_INSTALL_PREFIX=/home/justin/ros2_ws/src/unmanned_systems_ros2_pkg/unmanned_systems_ros2_pkg/install/test_pkg
[1.706s] Traceback (most recent call last):
  File "/usr/lib/python3/dist-packages/colcon_parallel_executor/executor/parallel.py", line 67, in execute
    loop.run_until_complete(future)
  File "/usr/lib/python3.8/asyncio/base_events.py", line 603, in run_until_complete
    self.run_forever()
  File "/usr/lib/python3.8/asyncio/base_events.py", line 570, in run_forever
    self._run_once()
  File "/usr/lib/python3.8/asyncio/base_events.py", line 1823, in _run_once
    event_list = self._selector.select(timeout)
  File "/usr/lib/python3.8/selectors.py", line 468, in select
    fd_event_list = self._selector.poll(timeout, max_ev)
KeyboardInterrupt

During handling of the above exception, another exception occurred:

Traceback (most recent call last):
  File "/usr/lib/python3/dist-packages/colcon_core/executor/__init__.py", line 91, in __call__
    rc = await self.task(*args, **kwargs)
  File "/usr/lib/python3/dist-packages/colcon_core/task/__init__.py", line 93, in __call__
    return await task_method(*args, **kwargs)
  File "/usr/lib/python3/dist-packages/colcon_ros/task/ament_cmake/build.py", line 59, in build
    rc = await extension.build(
  File "/usr/lib/python3/dist-packages/colcon_cmake/task/cmake/build.py", line 87, in build
    rc = await self._reconfigure(args, env)
  File "/usr/lib/python3/dist-packages/colcon_cmake/task/cmake/build.py", line 182, in _reconfigure
    buildfile = get_buildfile(cmake_cache)
  File "/usr/lib/python3/dist-packages/colcon_cmake/task/cmake/__init__.py", line 112, in get_buildfile
    if 'Ninja' in generator:
TypeError: argument of type 'NoneType' is not iterable
