[0.000000] (-) TimerEvent: {}
[0.000396] (test_pkg) JobQueued: {'identifier': 'test_pkg', 'dependencies': OrderedDict()}
[0.000648] (test_pkg) JobStarted: {'identifier': 'test_pkg'}
[0.012513] (test_pkg) JobProgress: {'identifier': 'test_pkg', 'progress': 'cmake'}
[0.013087] (test_pkg) Command: {'cmd': ['/usr/bin/cmake', '/home/justin/ros2_ws/src/unmanned_systems_ros2_pkg/unmanned_systems_ros2_pkg', '-DCMAKE_INSTALL_PREFIX=/home/justin/ros2_ws/src/unmanned_systems_ros2_pkg/unmanned_systems_ros2_pkg/install/test_pkg'], 'cwd': '/home/justin/ros2_ws/src/unmanned_systems_ros2_pkg/unmanned_systems_ros2_pkg/build/test_pkg', 'env': OrderedDict([('LESSOPEN', '| /usr/bin/lesspipe %s'), ('LIBRARY_PATH', ':/usr/local/cuda/lib64:/usr/local/cuda/lib64:/usr/local/cuda/lib64:/usr/local/cuda/lib64:/usr/local/cuda/lib64'), ('USER', 'justin'), ('ROS_PACKAGE_PATH', '/home/justin/AirSim/ros/src/airsim_ros_pkgs:/home/justin/AirSim/ros/src/airsim_tutorial_pkgs:/home/justin/catkin_ws/src/ROS_Integration:/home/justin/catkin_ws/src/apriltag:/home/justin/catkin_ws/src/apriltag_ros/apriltag_ros:/home/justin/catkin_ws/src/darknet_ros/darknet_ros_msgs:/home/justin/catkin_ws/src/darknet_ros/darknet_ros:/home/justin/catkin_ws/src/kindr:/home/justin/catkin_ws/src/mavlink:/home/justin/catkin_ws/src/mavros/libmavconn:/home/justin/catkin_ws/src/mavros/mavros_msgs:/home/justin/catkin_ws/src/mavros/mavros:/home/justin/catkin_ws/src/mavros/mavros_extras:/home/justin/catkin_ws/src/mongodb_store/mongodb_store_msgs:/home/justin/catkin_ws/src/mongodb_store/mongodb_store:/home/justin/catkin_ws/src/mongodb_store/mongodb_log:/home/justin/catkin_ws/src/orb_slam_2_ros:/home/justin/catkin_ws/src/rovio:/home/justin/catkin_ws/src/mavros/test_mavros:/home/justin/catkin_ws/src/turtlebot3/turtlebot3:/home/justin/catkin_ws/src/turtlebot3/turtlebot3_bringup:/home/justin/catkin_ws/src/turtlebot3/turtlebot3_description:/home/justin/catkin_ws/src/turtlebot3/turtlebot3_example:/home/justin/catkin_ws/src/turtlebot3_simulations/turtlebot3_fake:/home/justin/catkin_ws/src/turtlebot3_simulations/turtlebot3_gazebo:/home/justin/catkin_ws/src/turtlebot3/turtlebot3_navigation:/home/justin/catkin_ws/src/turtlebot3_simulations/turtlebot3_simulations:/home/justin/catkin_ws/src/turtlebot3/turtlebot3_slam:/home/justin/catkin_ws/src/turtlebot3/turtlebot3_teleop:/home/justin/catkin_ws/src/unmanned_systems/unmanned_systems:/home/justin/catkin_ws/src/utm/utm:/opt/ros/noetic/share'), ('ROS_ETC_DIR', '/opt/ros/noetic/etc/ros'), ('SHLVL', '1'), ('LD_LIBRARY_PATH', '/opt/ros/foxy/opt/yaml_cpp_vendor/lib:/opt/ros/foxy/opt/rviz_ogre_vendor/lib:/opt/ros/foxy/lib/x86_64-linux-gnu:/opt/ros/foxy/lib:/home/justin/AirSim/ros/devel/lib:/home/justin/catkin_ws/devel/lib:/opt/ros/noetic/lib:/usr/local/cuda/lib64:/usr/local/cuda/lib64:/usr/local/cuda/lib64:/usr/local/cuda/lib64:/usr/local/cuda/lib64'), ('WT_PROFILE_ID', '{07b52e3e-de2c-5db4-bd2d-ba144ed6c273}'), ('PX4_SIM_HOST_ADDR', '172.30.16.1'), ('MOTD_SHOWN', 'update-motd'), ('HOME', '/home/justin'), ('OLDPWD', '/home/justin/ros2_ws/src/unmanned_systems_ros2_pkg/unmanned_systems_ros2_pkg/unmanned_systems_ros2_pkg'), ('ROS_PYTHON_VERSION', '3'), ('WSL_DISTRO_NAME', 'Ubuntu-20.04'), ('WAYLAND_DISPLAY', 'wayland-0'), ('COLCON_PREFIX_PATH', '/home/justin/ros2_ws/install'), ('ROS_DISTRO', 'foxy'), ('LOGNAME', 'justin'), ('NAME', 'LAPTOP-4C065TFR'), ('WSL_INTEROP', '/run/WSL/184_interop'), ('PULSE_SERVER', '/mnt/wslg/PulseServer'), ('_', '/usr/bin/colcon'), ('ROS_VERSION', '2'), ('PKG_CONFIG_PATH', '/home/justin/AirSim/ros/devel/lib/pkgconfig:/home/justin/catkin_ws/devel/lib/pkgconfig:/opt/ros/noetic/lib/pkgconfig'), ('TERM', 'xterm-256color'), ('ROS_LOCALHOST_ONLY', '0'), ('PATH', '/usr/lib/ccache:/usr/local/cuda/bin:/usr/lib/ccache:/usr/local/cuda/bin:/usr/lib/ccache:/usr/local/cuda/bin:/usr/lib/ccache:/usr/local/cuda/bin:/opt/ros/foxy/bin:/opt/gcc-arm-none-eabi-9-2020-q2-update/bin:/home/justin/.local/bin:/usr/lib/ccache:/usr/local/cuda/bin:/home/justin/catkin_ws/devel/bin:/opt/ros/noetic/bin:/usr/local/sbin:/usr/local/bin:/usr/sbin:/usr/bin:/sbin:/bin:/usr/games:/usr/local/games:/usr/lib/wsl/lib:/mnt/c/Python310/Scripts/:/mnt/c/Python310/:/mnt/c/Program Files/NVIDIA GPU Computing Toolkit/CUDA/v11.5/bin:/mnt/c/Program Files/NVIDIA GPU Computing Toolkit/CUDA/v11.5/libnvvp:/mnt/c/Windows/system32:/mnt/c/Windows:/mnt/c/Windows/System32/Wbem:/mnt/c/Windows/System32/WindowsPowerShell/v1.0/:/mnt/c/Windows/System32/OpenSSH/:/mnt/c/Program Files (x86)/NVIDIA Corporation/PhysX/Common:/mnt/c/Program Files/NVIDIA Corporation/NVIDIA NvDLISR:/mnt/c/Program Files/dotnet/:/mnt/c/Program Files/Microsoft SQL Server/130/Tools/Binn/:/mnt/c/Program Files/Microsoft SQL Server/Client SDK/ODBC/170/Tools/Binn/:/mnt/c/Program Files (x86)/IncrediBuild:/mnt/c/Program Files/Git/cmd:/mnt/c/Users/jnguy/AppData/Roaming/Python/Python37:/mnt/c/Users/jnguy/AppData/Roaming/Python/Python37/Scripts:/mnt/c/Program Files/MATLAB/R2021b/bin:/mnt/c/Program Files/NVIDIA Corporation/Nsight Compute 2021.3.1/:/mnt/c/WINDOWS/system32:/mnt/c/WINDOWS:/mnt/c/WINDOWS/System32/Wbem:/mnt/c/WINDOWS/System32/WindowsPowerShell/v1.0/:/mnt/c/WINDOWS/System32/OpenSSH/:/mnt/c/Program Files/usbipd-win/:/mnt/c/ProgramData/chocolatey/bin:/mnt/c/Program Files/Docker/Docker/resources/bin:/mnt/c/ProgramData/DockerDesktop/version-bin:/mnt/c/Program Files (x86)/IADS/MatlabRedist/RFPMatlab:/mnt/c/Program Files (x86)/IADS/MatlabRedist/2009.Win32:/mnt/c/Program Files/IADS/MatlabRedist/2009.x64:/mnt/c/Program Files/MySQL/MySQL Shell 8.0/bin/:/mnt/c/Users/jnguy/AppData/Local/Programs/Eclipse Foundation/jdk-11.0.12.7-hotspot/bin:/mnt/c/Users/jnguy/AppData/Local/Microsoft/WindowsApps:/mnt/c/Users/jnguy/AppData/Local/Programs/Microsoft VS Code/bin:/mnt/c/Users/jnguy/.dotnet/tools:/mnt/c/texlive/2021/bin/win32:/mnt/c/Users/jnguy/AppData/Local/Box/Box Edit/:/snap/bin:/home/justin/ardupilot/Tools/autotest:/home/justin/ardupilot/Tools/autotest:/home/justin/ardupilot/Tools/autotest:/home/justin/ardupilot/Tools/autotest:/home/justin/ardupilot/Tools/autotest'), ('WT_SESSION', 'ca00576b-9368-4d46-a32b-44812d1ab362'), ('XDG_RUNTIME_DIR', '/mnt/wslg/runtime-dir'), ('DISPLAY', ':0'), ('LANG', 'C.UTF-8'), ('ROSLISP_PACKAGE_DIRECTORIES', '/home/justin/AirSim/ros/devel/share/common-lisp:/home/justin/catkin_ws/devel/share/common-lisp'), ('LS_COLORS', 'rs=0:di=01;34:ln=01;36:mh=00:pi=40;33:so=01;35:do=01;35:bd=40;33;01:cd=40;33;01:or=40;31;01:mi=00:su=37;41:sg=30;43:ca=30;41:tw=30;42:ow=34;42:st=37;44:ex=01;32:*.tar=01;31:*.tgz=01;31:*.arc=01;31:*.arj=01;31:*.taz=01;31:*.lha=01;31:*.lz4=01;31:*.lzh=01;31:*.lzma=01;31:*.tlz=01;31:*.txz=01;31:*.tzo=01;31:*.t7z=01;31:*.zip=01;31:*.z=01;31:*.dz=01;31:*.gz=01;31:*.lrz=01;31:*.lz=01;31:*.lzo=01;31:*.xz=01;31:*.zst=01;31:*.tzst=01;31:*.bz2=01;31:*.bz=01;31:*.tbz=01;31:*.tbz2=01;31:*.tz=01;31:*.deb=01;31:*.rpm=01;31:*.jar=01;31:*.war=01;31:*.ear=01;31:*.sar=01;31:*.rar=01;31:*.alz=01;31:*.ace=01;31:*.zoo=01;31:*.cpio=01;31:*.7z=01;31:*.rz=01;31:*.cab=01;31:*.wim=01;31:*.swm=01;31:*.dwm=01;31:*.esd=01;31:*.jpg=01;35:*.jpeg=01;35:*.mjpg=01;35:*.mjpeg=01;35:*.gif=01;35:*.bmp=01;35:*.pbm=01;35:*.pgm=01;35:*.ppm=01;35:*.tga=01;35:*.xbm=01;35:*.xpm=01;35:*.tif=01;35:*.tiff=01;35:*.png=01;35:*.svg=01;35:*.svgz=01;35:*.mng=01;35:*.pcx=01;35:*.mov=01;35:*.mpg=01;35:*.mpeg=01;35:*.m2v=01;35:*.mkv=01;35:*.webm=01;35:*.ogm=01;35:*.mp4=01;35:*.m4v=01;35:*.mp4v=01;35:*.vob=01;35:*.qt=01;35:*.nuv=01;35:*.wmv=01;35:*.asf=01;35:*.rm=01;35:*.rmvb=01;35:*.flc=01;35:*.avi=01;35:*.fli=01;35:*.flv=01;35:*.gl=01;35:*.dl=01;35:*.xcf=01;35:*.xwd=01;35:*.yuv=01;35:*.cgm=01;35:*.emf=01;35:*.ogv=01;35:*.ogx=01;35:*.aac=00;36:*.au=00;36:*.flac=00;36:*.m4a=00;36:*.mid=00;36:*.midi=00;36:*.mka=00;36:*.mp3=00;36:*.mpc=00;36:*.ogg=00;36:*.ra=00;36:*.wav=00;36:*.oga=00;36:*.opus=00;36:*.spx=00;36:*.xspf=00;36:'), ('ROS_ROOT', '/opt/ros/noetic/share/ros'), ('AMENT_PREFIX_PATH', '/opt/ros/foxy'), ('SHELL', '/bin/bash'), ('ROS_MASTER_URI', 'http://localhost:11311'), ('LESSCLOSE', '/usr/bin/lesspipe %s %s'), ('PWD', '/home/justin/ros2_ws/src/unmanned_systems_ros2_pkg/unmanned_systems_ros2_pkg/build/test_pkg'), ('TURTLEBOT3_MODEL', 'burger'), ('CUDA_HOME', '/usr/local/cuda'), ('XDG_DATA_DIRS', '/usr/local/share:/usr/share:/var/lib/snapd/desktop'), ('PYTHONPATH', '/opt/ros/foxy/lib/python3.8/site-packages:/home/justin/AirSim/ros/devel/lib/python3/dist-packages:/home/justin/catkin_ws/devel/lib/python3/dist-packages:/opt/ros/noetic/lib/python3/dist-packages'), ('COLCON', '1'), ('WSL_HOST_IP', '172.30.16.1'), ('HOSTTYPE', 'x86_64'), ('CMAKE_PREFIX_PATH', '/opt/ros/foxy:/home/justin/AirSim/ros/devel:/home/justin/catkin_ws/devel:/opt/ros/noetic'), ('WSLENV', 'WT_SESSION::WT_PROFILE_ID')]), 'shell': False}
[0.099774] (-) TimerEvent: {}
[0.200155] (-) TimerEvent: {}
[0.227448] (test_pkg) StdoutLine: {'line': b'-- The C compiler identification is GNU 9.4.0\n'}
[0.300304] (-) TimerEvent: {}
[0.400725] (-) TimerEvent: {}
[0.501066] (-) TimerEvent: {}
[0.505039] (test_pkg) StdoutLine: {'line': b'-- The CXX compiler identification is GNU 9.4.0\n'}
[0.601188] (-) TimerEvent: {}
[0.661948] (test_pkg) StdoutLine: {'line': b'-- Check for working C compiler: /usr/lib/ccache/cc\n'}
[0.701314] (-) TimerEvent: {}
[0.801694] (-) TimerEvent: {}
[0.810295] (test_pkg) StdoutLine: {'line': b'-- Check for working C compiler: /usr/lib/ccache/cc -- works\n'}
[0.811988] (test_pkg) StdoutLine: {'line': b'-- Detecting C compiler ABI info\n'}
[0.901818] (-) TimerEvent: {}
[0.949417] (test_pkg) StdoutLine: {'line': b'-- Detecting C compiler ABI info - done\n'}
[0.958819] (test_pkg) StdoutLine: {'line': b'-- Detecting C compile features\n'}
[0.959300] (test_pkg) StdoutLine: {'line': b'-- Detecting C compile features - done\n'}
[0.962659] (test_pkg) StdoutLine: {'line': b'-- Check for working CXX compiler: /usr/lib/ccache/c++\n'}
[1.001957] (-) TimerEvent: {}
[1.102326] (-) TimerEvent: {}
[1.105291] (test_pkg) StdoutLine: {'line': b'-- Check for working CXX compiler: /usr/lib/ccache/c++ -- works\n'}
[1.106082] (test_pkg) StdoutLine: {'line': b'-- Detecting CXX compiler ABI info\n'}
[1.202452] (-) TimerEvent: {}
[1.247674] (test_pkg) StdoutLine: {'line': b'-- Detecting CXX compiler ABI info - done\n'}
[1.255388] (test_pkg) StdoutLine: {'line': b'-- Detecting CXX compile features\n'}
[1.255760] (test_pkg) StdoutLine: {'line': b'-- Detecting CXX compile features - done\n'}
[1.258114] (test_pkg) StdoutLine: {'line': b'-- Found ament_cmake: 0.9.9 (/opt/ros/foxy/share/ament_cmake/cmake)\n'}
[1.275583] (test_pkg) StdoutLine: {'line': b'-- Found PythonInterp: /usr/bin/python3 (found suitable version "3.8.10", minimum required is "3") \n'}
[1.275823] (test_pkg) StdoutLine: {'line': b'-- Using PYTHON_EXECUTABLE: /usr/bin/python3\n'}
[1.302572] (-) TimerEvent: {}
[1.402912] (-) TimerEvent: {}
[1.446343] (test_pkg) StdoutLine: {'line': b'-- Found rclcpp: 2.4.1 (/opt/ros/foxy/share/rclcpp/cmake)\n'}
[1.503069] (-) TimerEvent: {}
[1.603434] (-) TimerEvent: {}
[1.624898] (test_pkg) StdoutLine: {'line': b'-- Using all available rosidl_typesupport_c: rosidl_typesupport_fastrtps_c;rosidl_typesupport_introspection_c\n'}
[1.629107] (test_pkg) StdoutLine: {'line': b'-- Found rosidl_adapter: 1.2.1 (/opt/ros/foxy/share/rosidl_adapter/cmake)\n'}
[1.703562] (-) TimerEvent: {}
[1.705304] (test_pkg) CommandEnded: {'returncode': -2}
[1.706952] (test_pkg) StderrLine: {'line': b'Traceback (most recent call last):\n  File "/usr/lib/python3/dist-packages/colcon_parallel_executor/executor/parallel.py", line 67, in execute\n    loop.run_until_complete(future)\n  File "/usr/lib/python3.8/asyncio/base_events.py", line 603, in run_until_complete\n    self.run_forever()\n  File "/usr/lib/python3.8/asyncio/base_events.py", line 570, in run_forever\n    self._run_once()\n  File "/usr/lib/python3.8/asyncio/base_events.py", line 1823, in _run_once\n    event_list = self._selector.select(timeout)\n  File "/usr/lib/python3.8/selectors.py", line 468, in select\n    fd_event_list = self._selector.poll(timeout, max_ev)\nKeyboardInterrupt\n\nDuring handling of the above exception, another exception occurred:\n\nTraceback (most recent call last):\n  File "/usr/lib/python3/dist-packages/colcon_core/executor/__init__.py", line 91, in __call__\n    rc = await self.task(*args, **kwargs)\n  File "/usr/lib/python3/dist-packages/colcon_core/task/__init__.py", line 93, in __call__\n    return await task_method(*args, **kwargs)\n  File "/usr/lib/python3/dist-packages/colcon_ros/task/ament_cmake/build.py", line 59, in build\n    rc = await extension.build(\n  File "/usr/lib/python3/dist-packages/colcon_cmake/task/cmake/build.py", line 87, in build\n    rc = await self._reconfigure(args, env)\n  File "/usr/lib/python3/dist-packages/colcon_cmake/task/cmake/build.py", line 182, in _reconfigure\n    buildfile = get_buildfile(cmake_cache)\n  File "/usr/lib/python3/dist-packages/colcon_cmake/task/cmake/__init__.py", line 112, in get_buildfile\n    if \'Ninja\' in generator:\nTypeError: argument of type \'NoneType\' is not iterable\n'}
[1.707140] (test_pkg) JobEnded: {'identifier': 'test_pkg', 'rc': 'SIGINT'}
[1.717584] (-) EventReactorShutdown: {}
